#
# There is insufficient memory for the Java Runtime Environment to continue.
# Native memory allocation (malloc) failed to allocate 312016 bytes for Chunk::new
# Possible reasons:
#   The system is out of physical RAM or swap space
#   The process is running with CompressedOops enabled, and the Java Heap may be blocking the growth of the native heap
# Possible solutions:
#   Reduce memory load on the system
#   Increase physical memory or swap space
#   Check if swap backing store is full
#   Decrease Java heap size (-Xmx/-Xms)
#   Decrease number of Java threads
#   Decrease Java thread stack sizes (-Xss)
#   Set larger code cache with -XX:ReservedCodeCacheSize=
#   JVM is running with Unscaled Compressed Oops mode in which the Java heap is
#     placed in the first 4GB address space. The Java Heap base address is the
#     maximum limit for the native heap growth. Please use -XX:HeapBaseMinAddress
#     to set the Java Heap base and to place the Java Heap above 4GB virtual address.
# This output file may be truncated or incomplete.
#
#  Out of Memory Error (allocation.cpp:389), pid=7136, tid=0x0000000000000e84
#
# JRE version: OpenJDK Runtime Environment (8.0_242-b01) (build 1.8.0_242-release-1644-b01)
# Java VM: OpenJDK 64-Bit Server VM (25.242-b01 mixed mode windows-amd64 compressed oops)
# Failed to write core dump. Minidumps are not enabled by default on client versions of Windows
#

---------------  T H R E A D  ---------------

Current thread (0x0000000018e68000):  JavaThread "C2 CompilerThread0" daemon [_thread_in_native, id=3716, stack(0x000000001a4c0000,0x000000001a5c0000)]

Stack: [0x000000001a4c0000,0x000000001a5c0000]
[error occurred during error reporting (printing stack bounds), id 0xc0000005]

Native frames: (J=compiled Java code, j=interpreted, Vv=VM code, C=native code)


Current CompileTask:
C2: 130639 3709       4       org.codehaus.groovy.runtime.metaclass.MetaMethodIndex::addMethodToList (298 bytes)


---------------  P R O C E S S  ---------------

Java Threads: ( => current thread )
  0x000000001efa0800 JavaThread "jar transforms Thread 92" [_thread_blocked, id=5544, stack(0x0000000028780000,0x0000000028880000)]
  0x000000001ef9d800 JavaThread "jar transforms Thread 91" [_thread_blocked, id=7056, stack(0x0000000028680000,0x0000000028780000)]
  0x000000001c034000 JavaThread "jar transforms Thread 90" [_thread_blocked, id=600, stack(0x0000000028580000,0x0000000028680000)]
  0x000000001c032000 JavaThread "jar transforms Thread 89" [_thread_blocked, id=4556, stack(0x0000000028480000,0x0000000028580000)]
  0x000000001c033800 JavaThread "jar transforms Thread 88" [_thread_blocked, id=2196, stack(0x0000000028380000,0x0000000028480000)]
  0x000000001c031000 JavaThread "jar transforms Thread 87" [_thread_blocked, id=7256, stack(0x0000000028280000,0x0000000028380000)]
  0x000000001c035000 JavaThread "jar transforms Thread 86" [_thread_blocked, id=7444, stack(0x0000000028180000,0x0000000028280000)]
  0x000000001c032800 JavaThread "jar transforms Thread 85" [_thread_blocked, id=7828, stack(0x0000000028080000,0x0000000028180000)]
  0x000000001c030800 JavaThread "jar transforms Thread 84" [_thread_blocked, id=3828, stack(0x0000000027f80000,0x0000000028080000)]
  0x000000001c035800 JavaThread "jar transforms Thread 83" [_thread_blocked, id=6524, stack(0x0000000027e80000,0x0000000027f80000)]
  0x000000001c02b000 JavaThread "jar transforms Thread 82" [_thread_blocked, id=2784, stack(0x0000000027d80000,0x0000000027e80000)]
  0x000000001c029000 JavaThread "jar transforms Thread 81" [_thread_blocked, id=2208, stack(0x0000000027c80000,0x0000000027d80000)]
  0x000000001c02f800 JavaThread "jar transforms Thread 80" [_thread_blocked, id=320, stack(0x0000000027b80000,0x0000000027c80000)]
  0x000000001c02f000 JavaThread "jar transforms Thread 79" [_thread_blocked, id=5984, stack(0x0000000027a80000,0x0000000027b80000)]
  0x000000001c02a800 JavaThread "jar transforms Thread 78" [_thread_blocked, id=3848, stack(0x0000000027980000,0x0000000027a80000)]
  0x000000001c028000 JavaThread "jar transforms Thread 77" [_thread_blocked, id=7100, stack(0x0000000027880000,0x0000000027980000)]
  0x000000001c02e000 JavaThread "jar transforms Thread 76" [_thread_blocked, id=7932, stack(0x0000000027780000,0x0000000027880000)]
  0x000000001c026800 JavaThread "jar transforms Thread 75" [_thread_blocked, id=2040, stack(0x0000000027680000,0x0000000027780000)]
  0x000000001c029800 JavaThread "jar transforms Thread 74" [_thread_blocked, id=1800, stack(0x0000000027580000,0x0000000027680000)]
  0x000000001c02c000 JavaThread "jar transforms Thread 73" [_thread_blocked, id=6016, stack(0x0000000027480000,0x0000000027580000)]
  0x000000001c02d800 JavaThread "jar transforms Thread 72" [_thread_blocked, id=5956, stack(0x0000000027380000,0x0000000027480000)]
  0x000000001c027800 JavaThread "jar transforms Thread 71" [_thread_blocked, id=7128, stack(0x0000000027280000,0x0000000027380000)]
  0x000000001c02c800 JavaThread "jar transforms Thread 70" [_thread_blocked, id=6288, stack(0x0000000027180000,0x0000000027280000)]
  0x000000001c875000 JavaThread "jar transforms Thread 69" [_thread_blocked, id=7384, stack(0x0000000027080000,0x0000000027180000)]
  0x000000001c874800 JavaThread "jar transforms Thread 68" [_thread_blocked, id=6920, stack(0x0000000026f80000,0x0000000027080000)]
  0x000000001c876000 JavaThread "jar transforms Thread 67" [_thread_blocked, id=5252, stack(0x0000000026e80000,0x0000000026f80000)]
  0x000000001c873800 JavaThread "jar transforms Thread 66" [_thread_blocked, id=6888, stack(0x0000000026d80000,0x0000000026e80000)]
  0x000000001c873000 JavaThread "jar transforms Thread 65" [_thread_blocked, id=7388, stack(0x0000000026c80000,0x0000000026d80000)]
  0x000000001c872000 JavaThread "jar transforms Thread 64" [_thread_blocked, id=5300, stack(0x0000000026b80000,0x0000000026c80000)]
  0x000000001c871800 JavaThread "jar transforms Thread 63" [_thread_blocked, id=8092, stack(0x0000000026a80000,0x0000000026b80000)]
  0x000000001c876800 JavaThread "jar transforms Thread 62" [_thread_blocked, id=7296, stack(0x0000000026980000,0x0000000026a80000)]
  0x000000001c86a000 JavaThread "jar transforms Thread 61" [_thread_blocked, id=4356, stack(0x0000000026880000,0x0000000026980000)]
  0x000000001c870800 JavaThread "jar transforms Thread 60" [_thread_blocked, id=2228, stack(0x0000000026780000,0x0000000026880000)]
  0x000000001c869000 JavaThread "jar transforms Thread 59" [_thread_blocked, id=2492, stack(0x0000000026680000,0x0000000026780000)]
  0x000000001c86b800 JavaThread "jar transforms Thread 58" [_thread_blocked, id=7048, stack(0x0000000026580000,0x0000000026680000)]
  0x000000001c86f000 JavaThread "jar transforms Thread 57" [_thread_blocked, id=7124, stack(0x0000000026480000,0x0000000026580000)]
  0x000000001c870000 JavaThread "jar transforms Thread 56" [_thread_blocked, id=1672, stack(0x0000000026380000,0x0000000026480000)]
  0x000000001c86a800 JavaThread "jar transforms Thread 55" [_thread_blocked, id=5740, stack(0x0000000026280000,0x0000000026380000)]
  0x000000001c86e800 JavaThread "jar transforms Thread 54" [_thread_blocked, id=2176, stack(0x0000000026180000,0x0000000026280000)]
  0x000000001c86c000 JavaThread "jar transforms Thread 53" [_thread_blocked, id=1916, stack(0x0000000026080000,0x0000000026180000)]
  0x000000001c867800 JavaThread "jar transforms Thread 52" [_thread_blocked, id=1356, stack(0x0000000025f80000,0x0000000026080000)]
  0x000000001c86d800 JavaThread "jar transforms Thread 51" [_thread_blocked, id=7448, stack(0x0000000025e80000,0x0000000025f80000)]
  0x000000001c86d000 JavaThread "jar transforms Thread 50" [_thread_blocked, id=8164, stack(0x0000000025d80000,0x0000000025e80000)]
  0x000000001c868800 JavaThread "jar transforms Thread 49" [_thread_blocked, id=4796, stack(0x0000000025c80000,0x0000000025d80000)]
  0x000000001be6b800 JavaThread "jar transforms Thread 48" [_thread_blocked, id=1560, stack(0x0000000025b80000,0x0000000025c80000)]
  0x000000001be6b000 JavaThread "jar transforms Thread 47" [_thread_blocked, id=3212, stack(0x0000000025a80000,0x0000000025b80000)]
  0x000000001be69800 JavaThread "jar transforms Thread 46" [_thread_blocked, id=7104, stack(0x0000000025980000,0x0000000025a80000)]
  0x000000001be68800 JavaThread "jar transforms Thread 45" [_thread_blocked, id=6844, stack(0x0000000025880000,0x0000000025980000)]
  0x000000001be68000 JavaThread "jar transforms Thread 44" [_thread_blocked, id=1932, stack(0x0000000025780000,0x0000000025880000)]
  0x000000001be6d000 JavaThread "jar transforms Thread 43" [_thread_blocked, id=6268, stack(0x0000000025680000,0x0000000025780000)]
  0x000000001be6c800 JavaThread "jar transforms Thread 42" [_thread_blocked, id=3436, stack(0x0000000025580000,0x0000000025680000)]
  0x000000001be6a000 JavaThread "jar transforms Thread 41" [_thread_blocked, id=3700, stack(0x0000000025480000,0x0000000025580000)]
  0x000000001be60800 JavaThread "jar transforms Thread 40" [_thread_blocked, id=4456, stack(0x0000000025380000,0x0000000025480000)]
  0x000000001be66800 JavaThread "jar transforms Thread 39" [_thread_blocked, id=4140, stack(0x0000000025280000,0x0000000025380000)]
  0x000000001be67000 JavaThread "jar transforms Thread 38" [_thread_blocked, id=3056, stack(0x0000000025180000,0x0000000025280000)]
  0x000000001be65800 JavaThread "jar transforms Thread 37" [_thread_blocked, id=6872, stack(0x0000000025080000,0x0000000025180000)]
  0x000000001be5e000 JavaThread "jar transforms Thread 36" [_thread_blocked, id=5588, stack(0x0000000024f80000,0x0000000025080000)]
  0x000000001be65000 JavaThread "jar transforms Thread 35" [_thread_blocked, id=1124, stack(0x0000000024e80000,0x0000000024f80000)]
  0x000000001be62000 JavaThread "jar transforms Thread 34" [_thread_blocked, id=1480, stack(0x0000000024d80000,0x0000000024e80000)]
  0x000000001be5f800 JavaThread "jar transforms Thread 33" [_thread_blocked, id=6436, stack(0x0000000024c80000,0x0000000024d80000)]
  0x000000001be61000 JavaThread "jar transforms Thread 32" [_thread_blocked, id=2976, stack(0x0000000024b80000,0x0000000024c80000)]
  0x000000001be64000 JavaThread "jar transforms Thread 31" [_thread_blocked, id=1688, stack(0x0000000024a80000,0x0000000024b80000)]
  0x000000001be5f000 JavaThread "jar transforms Thread 30" [_thread_blocked, id=7964, stack(0x0000000024980000,0x0000000024a80000)]
  0x000000001be62800 JavaThread "jar transforms Thread 29" [_thread_blocked, id=4508, stack(0x0000000024880000,0x0000000024980000)]
  0x000000001be63800 JavaThread "jar transforms Thread 28" [_thread_blocked, id=1792, stack(0x0000000024780000,0x0000000024880000)]
  0x000000001b0f7800 JavaThread "jar transforms Thread 27" [_thread_blocked, id=4432, stack(0x0000000024680000,0x0000000024780000)]
  0x000000001b0f7000 JavaThread "jar transforms Thread 26" [_thread_blocked, id=7968, stack(0x0000000024580000,0x0000000024680000)]
  0x000000001b0f5800 JavaThread "jar transforms Thread 25" [_thread_blocked, id=5600, stack(0x0000000024480000,0x0000000024580000)]
  0x000000001b0f8800 JavaThread "jar transforms Thread 24" [_thread_blocked, id=7884, stack(0x0000000024380000,0x0000000024480000)]
  0x000000001b0f6000 JavaThread "jar transforms Thread 23" [_thread_blocked, id=156, stack(0x0000000024280000,0x0000000024380000)]
  0x000000001b0f4000 JavaThread "jar transforms Thread 22" [_thread_blocked, id=6368, stack(0x0000000024180000,0x0000000024280000)]
  0x000000001b0f3000 JavaThread "jar transforms Thread 21" [_thread_blocked, id=2776, stack(0x0000000024080000,0x0000000024180000)]
  0x000000001b0f4800 JavaThread "jar transforms Thread 20" [_thread_blocked, id=8028, stack(0x0000000023f80000,0x0000000024080000)]
  0x000000001b0eb800 JavaThread "jar transforms Thread 19" [_thread_blocked, id=7140, stack(0x0000000023e80000,0x0000000023f80000)]
  0x000000001b0f2800 JavaThread "jar transforms Thread 18" [_thread_blocked, id=6140, stack(0x0000000023d80000,0x0000000023e80000)]
  0x000000001b0f0000 JavaThread "jar transforms Thread 17" [_thread_blocked, id=7044, stack(0x0000000023c80000,0x0000000023d80000)]
  0x000000001b0ee800 JavaThread "jar transforms Thread 16" [_thread_blocked, id=2896, stack(0x0000000023b80000,0x0000000023c80000)]
  0x000000001b0ed000 JavaThread "jar transforms Thread 15" [_thread_blocked, id=2172, stack(0x0000000023a80000,0x0000000023b80000)]
  0x000000001b0eb000 JavaThread "jar transforms Thread 14" [_thread_blocked, id=3648, stack(0x0000000023980000,0x0000000023a80000)]
  0x000000001b0f1800 JavaThread "jar transforms Thread 13" [_thread_blocked, id=1488, stack(0x0000000023880000,0x0000000023980000)]
  0x000000001b0f1000 JavaThread "jar transforms Thread 12" [_thread_blocked, id=6332, stack(0x0000000023780000,0x0000000023880000)]
  0x000000001b0ee000 JavaThread "jar transforms Thread 11" [_thread_blocked, id=1468, stack(0x0000000023680000,0x0000000023780000)]
  0x000000001b0ef800 JavaThread "jar transforms Thread 10" [_thread_blocked, id=2136, stack(0x0000000023580000,0x0000000023680000)]
  0x000000001b0ea000 JavaThread "jar transforms Thread 9" [_thread_blocked, id=4536, stack(0x0000000023480000,0x0000000023580000)]
  0x000000001b0ec800 JavaThread "jar transforms Thread 8" [_thread_blocked, id=2672, stack(0x0000000023380000,0x0000000023480000)]
  0x000000001b0e9800 JavaThread "jar transforms Thread 7" [_thread_blocked, id=4232, stack(0x0000000023280000,0x0000000023380000)]
  0x000000001cc37800 JavaThread "jar transforms Thread 6" [_thread_blocked, id=4160, stack(0x0000000023180000,0x0000000023280000)]
  0x000000001cc36800 JavaThread "jar transforms Thread 5" [_thread_blocked, id=4136, stack(0x0000000023080000,0x0000000023180000)]
  0x000000001cc36000 JavaThread "jar transforms Thread 4" [_thread_blocked, id=7516, stack(0x0000000022f80000,0x0000000023080000)]
  0x000000001cc35000 JavaThread "jar transforms Thread 3" [_thread_blocked, id=2928, stack(0x0000000022e80000,0x0000000022f80000)]
  0x000000001cc34800 JavaThread "jar transforms Thread 2" [_thread_blocked, id=5376, stack(0x0000000022d80000,0x0000000022e80000)]
  0x000000001cc33800 JavaThread "Build operations Thread 12" [_thread_blocked, id=6096, stack(0x0000000022c80000,0x0000000022d80000)]
  0x000000001cc2c000 JavaThread "Build operations Thread 11" [_thread_blocked, id=3940, stack(0x0000000022b80000,0x0000000022c80000)]
  0x000000001cc33000 JavaThread "Build operations Thread 10" [_thread_blocked, id=4872, stack(0x0000000022a80000,0x0000000022b80000)]
  0x000000001cc32000 JavaThread "Build operations Thread 9" [_thread_blocked, id=2224, stack(0x0000000022980000,0x0000000022a80000)]
  0x000000001cc31800 JavaThread "Build operations Thread 8" [_thread_blocked, id=5400, stack(0x0000000022880000,0x0000000022980000)]
  0x000000001cc2f000 JavaThread "Build operations Thread 7" [_thread_blocked, id=3424, stack(0x0000000022780000,0x0000000022880000)]
  0x000000001cc30800 JavaThread "Build operations Thread 6" [_thread_blocked, id=6148, stack(0x0000000022680000,0x0000000022780000)]
  0x000000001cc2b800 JavaThread "Build operations Thread 5" [_thread_blocked, id=5800, stack(0x0000000022580000,0x0000000022680000)]
  0x000000001cc30000 JavaThread "Build operations Thread 4" [_thread_blocked, id=2052, stack(0x0000000022480000,0x0000000022580000)]
  0x000000001cc28800 JavaThread "Build operations Thread 3" [_thread_blocked, id=5364, stack(0x0000000022380000,0x0000000022480000)]
  0x000000001cc2e800 JavaThread "Build operations Thread 2" [_thread_blocked, id=1864, stack(0x000000001e5e0000,0x000000001e6e0000)]
  0x000000001cc2d800 JavaThread "Build operations" [_thread_blocked, id=7800, stack(0x0000000000850000,0x0000000000950000)]
  0x000000001b3b8000 JavaThread "Cache worker for file content cache (C:\Users\Student\.gradle\caches\6.5\fileContent)" [_thread_blocked, id=7600, stack(0x0000000020eb0000,0x0000000020fb0000)]
  0x000000001b3b7800 JavaThread "jar transforms" [_thread_blocked, id=6992, stack(0x0000000020db0000,0x0000000020eb0000)]
  0x000000001b3b6800 JavaThread "Cache worker for execution history cache (C:\Users\Student\.gradle\caches\6.5\executionHistory)" [_thread_blocked, id=1412, stack(0x00000000206b0000,0x00000000207b0000)]
  0x000000001b3b5000 JavaThread "Cache worker for cache directory md-rule (C:\Users\Student\.gradle\caches\6.5\md-rule)" [_thread_blocked, id=4904, stack(0x00000000205b0000,0x00000000206b0000)]
  0x000000001b3b9000 JavaThread "Cache worker for cache directory md-supplier (C:\Users\Student\.gradle\caches\6.5\md-supplier)" [_thread_blocked, id=7744, stack(0x00000000204b0000,0x00000000205b0000)]
  0x000000001b3b6000 JavaThread "Cache worker for checksums cache (C:\Users\Student\AndroidStudioProjects\MyApplication\.gradle\checksums)" [_thread_blocked, id=5944, stack(0x00000000203b0000,0x00000000204b0000)]
  0x000000001b3ba800 JavaThread "Cache worker for file hash cache (C:\Users\Student\AndroidStudioProjects\MyApplication\.gradle\6.5\fileHashes)" [_thread_blocked, id=856, stack(0x00000000200b0000,0x00000000201b0000)]
  0x000000001b3bb000 JavaThread "Cache worker for file hash cache (C:\Users\Student\.gradle\caches\6.5\fileHashes)" [_thread_blocked, id=4224, stack(0x000000001fbb0000,0x000000001fcb0000)]
  0x000000001b3bc000 JavaThread "File lock request listener" [_thread_in_native, id=5320, stack(0x000000001fab0000,0x000000001fbb0000)]
  0x000000001b3b9800 JavaThread "Cache worker for journal cache (C:\Users\Student\.gradle\caches\journal-1)" [_thread_blocked, id=5348, stack(0x000000001e9e0000,0x000000001eae0000)]
  0x000000001ac73800 JavaThread "Thread-9" [_thread_blocked, id=7028, stack(0x000000001e6e0000,0x000000001e7e0000)]
  0x000000001ae31000 JavaThread "Asynchronous log dispatcher for DefaultDaemonConnection: socket connection from /127.0.0.1:50994 to /127.0.0.1:50996" [_thread_blocked, id=7452, stack(0x000000001e4e0000,0x000000001e5e0000)]
  0x000000001b018800 JavaThread "Daemon worker" [_thread_in_native, id=7080, stack(0x000000001e3e0000,0x000000001e4e0000)]
  0x000000001b015800 JavaThread "Cancel handler" [_thread_blocked, id=6516, stack(0x000000001e2e0000,0x000000001e3e0000)]
  0x000000001b22b800 JavaThread "Handler for socket connection from /127.0.0.1:50994 to /127.0.0.1:50996" [_thread_in_native, id=6824, stack(0x000000001dfe0000,0x000000001e0e0000)]
  0x000000001bd5c800 JavaThread "Daemon" [_thread_blocked, id=6592, stack(0x000000001dde0000,0x000000001dee0000)]
  0x000000001bb7f000 JavaThread "Daemon periodic checks" [_thread_blocked, id=5508, stack(0x000000001dce0000,0x000000001dde0000)]
  0x000000001b8eb800 JavaThread "Incoming local TCP Connector on port 50994" [_thread_in_native, id=7624, stack(0x000000001daa0000,0x000000001dba0000)]
  0x0000000018f68000 JavaThread "Daemon health stats" [_thread_blocked, id=7804, stack(0x000000001d460000,0x000000001d560000)]
  0x0000000018efa000 JavaThread "Service Thread" daemon [_thread_blocked, id=7052, stack(0x000000001a8c0000,0x000000001a9c0000)]
  0x0000000018e73800 JavaThread "C1 CompilerThread3" daemon [_thread_blocked, id=2708, stack(0x000000001a7c0000,0x000000001a8c0000)]
  0x0000000018e73000 JavaThread "C2 CompilerThread2" daemon [_thread_blocked, id=2980, stack(0x000000001a6c0000,0x000000001a7c0000)]
  0x0000000018e6f800 JavaThread "C2 CompilerThread1" daemon [_thread_blocked, id=5616, stack(0x000000001a5c0000,0x000000001a6c0000)]
=>0x0000000018e68000 JavaThread "C2 CompilerThread0" daemon [_thread_in_native, id=3716, stack(0x000000001a4c0000,0x000000001a5c0000)]
  0x0000000018e65800 JavaThread "Attach Listener" daemon [_thread_blocked, id=2212, stack(0x000000001a3c0000,0x000000001a4c0000)]
  0x0000000018e64000 JavaThread "Signal Dispatcher" daemon [_thread_blocked, id=1140, stack(0x000000001a2c0000,0x000000001a3c0000)]
  0x000000000251b000 JavaThread "Finalizer" daemon [_thread_blocked, id=1028, stack(0x000000001a0b0000,0x000000001a1b0000)]
  0x0000000018e53000 JavaThread "Reference Handler" daemon [_thread_blocked, id=2056, stack(0x0000000019fb0000,0x000000001a0b0000)]
  0x0000000002422800 JavaThread "main" [_thread_blocked, id=3368, stack(0x0000000002320000,0x0000000002420000)]

Other Threads:
  0x0000000017785800 VMThread [stack: 0x0000000019eb0000,0x0000000019fb0000] [id=2476]
  0x0000000018efc000 WatcherThread [stack: 0x000000001a9c0000,0x000000001aac0000] [id=7852]

VM state:not at safepoint (normal execution)

VM Mutex/Monitor currently owned by a thread: None

heap address: 0x0000000080000000, size: 2048 MB, Compressed Oops mode: 32-bit
Narrow klass base: 0x0000000000000000, Narrow klass shift: 3
Compressed class space size: 1073741824 Address: 0x0000000100000000

Heap:
 PSYoungGen      total 29184K, used 20058K [0x00000000d5580000, 0x00000000d8400000, 0x0000000100000000)
  eden space 26112K, 65% used [0x00000000d5580000,0x00000000d66418e8,0x00000000d6f00000)
  from space 3072K, 94% used [0x00000000d6f80000,0x00000000d72550a8,0x00000000d7280000)
  to   space 10752K, 0% used [0x00000000d7980000,0x00000000d7980000,0x00000000d8400000)
 ParOldGen       total 48640K, used 13622K [0x0000000080000000, 0x0000000082f80000, 0x00000000d5580000)
  object space 48640K, 28% used [0x0000000080000000,0x0000000080d4daa0,0x0000000082f80000)
 Metaspace       used 36975K, capacity 38642K, committed 38824K, reserved 1083392K
  class space    used 5117K, capacity 5461K, committed 5552K, reserved 1048576K

Card table byte_map: [0x00000000118e0000,0x0000000011cf0000] byte_map_base: 0x00000000114e0000

Marking Bits: (ParMarkBitMap*) 0x000000006a0ff030
 Begin Bits: [0x00000000129a0000, 0x00000000149a0000)
 End Bits:   [0x00000000149a0000, 0x00000000169a0000)

Polling page: 0x0000000002230000

CodeCache: size=245760Kb used=11327Kb max_used=11573Kb free=234432Kb
 bounds [0x0000000002520000, 0x0000000003080000, 0x0000000011520000]
 total_blobs=4074 nmethods=3370 adapters=616
 compilation: enabled

Compilation events (10 events):
Event: 127.444 Thread 0x0000000018e73800 3710       3       groovy.lang.MetaClassImpl::findMethod (130 bytes)
Event: 127.445 Thread 0x0000000018e73800 nmethod 3710 0x00000000026ae910 code [0x00000000026aeb80, 0x00000000026afdd8]
Event: 127.445 Thread 0x0000000018e73800 3712       3       groovyjarjarasm.asm.SymbolTable::get (13 bytes)
Event: 127.445 Thread 0x0000000018e73800 nmethod 3712 0x0000000002bc41d0 code [0x0000000002bc4320, 0x0000000002bc44b0]
Event: 127.445 Thread 0x0000000018e73800 3713       3       groovyjarjarasm.asm.SymbolTable::hash (10 bytes)
Event: 127.445 Thread 0x0000000018e73800 nmethod 3713 0x0000000002ae4010 code [0x0000000002ae4180, 0x0000000002ae4388]
Event: 127.558 Thread 0x0000000018e73800 3714       3       java.lang.ThreadLocal$ThreadLocalMap::remove (68 bytes)
Event: 129.881 Thread 0x0000000018e73800 nmethod 3714 0x0000000002c12a10 code [0x0000000002c12ba0, 0x0000000002c130c8]
Event: 129.881 Thread 0x0000000018e73800 3715       1       org.gradle.launcher.daemon.server.expiry.DaemonExpirationResult::getStatus (5 bytes)
Event: 129.881 Thread 0x0000000018e73800 nmethod 3715 0x00000000027a3a50 code [0x00000000027a3ba0, 0x00000000027a3cb0]

GC Heap History (10 events):
Event: 65.272 GC heap before
{Heap before GC invocations=13 (full 1):
 PSYoungGen      total 35840K, used 35448K [0x00000000d5580000, 0x00000000d8500000, 0x0000000100000000)
  eden space 28160K, 100% used [0x00000000d5580000,0x00000000d7100000,0x00000000d7100000)
  from space 7680K, 94% used [0x00000000d7180000,0x00000000d789e0a8,0x00000000d7900000)
  to   space 10240K, 0% used [0x00000000d7b00000,0x00000000d7b00000,0x00000000d8500000)
 ParOldGen       total 43008K, used 6874K [0x0000000080000000, 0x0000000082a00000, 0x00000000d5580000)
  object space 43008K, 15% used [0x0000000080000000,0x00000000806b6a18,0x0000000082a00000)
 Metaspace       used 33892K, capacity 35000K, committed 35248K, reserved 1079296K
  class space    used 4660K, capacity 4933K, committed 5040K, reserved 1048576K
Event: 65.276 GC heap after
Heap after GC invocations=13 (full 1):
 PSYoungGen      total 37888K, used 7731K [0x00000000d5580000, 0x00000000d8580000, 0x0000000100000000)
  eden space 27648K, 0% used [0x00000000d5580000,0x00000000d5580000,0x00000000d7080000)
  from space 10240K, 75% used [0x00000000d7b00000,0x00000000d828cd80,0x00000000d8500000)
  to   space 10752K, 0% used [0x00000000d7080000,0x00000000d7080000,0x00000000d7b00000)
 ParOldGen       total 43008K, used 6882K [0x0000000080000000, 0x0000000082a00000, 0x00000000d5580000)
  object space 43008K, 16% used [0x0000000080000000,0x00000000806b8a18,0x0000000082a00000)
 Metaspace       used 33892K, capacity 35000K, committed 35248K, reserved 1079296K
  class space    used 4660K, capacity 4933K, committed 5040K, reserved 1048576K
}
Event: 66.031 GC heap before
{Heap before GC invocations=14 (full 1):
 PSYoungGen      total 37888K, used 16273K [0x00000000d5580000, 0x00000000d8580000, 0x0000000100000000)
  eden space 27648K, 30% used [0x00000000d5580000,0x00000000d5dd77d0,0x00000000d7080000)
  from space 10240K, 75% used [0x00000000d7b00000,0x00000000d828cd80,0x00000000d8500000)
  to   space 10752K, 0% used [0x00000000d7080000,0x00000000d7080000,0x00000000d7b00000)
 ParOldGen       total 43008K, used 6882K [0x0000000080000000, 0x0000000082a00000, 0x00000000d5580000)
  object space 43008K, 16% used [0x0000000080000000,0x00000000806b8a18,0x0000000082a00000)
 Metaspace       used 34289K, capacity 35406K, committed 35496K, reserved 1079296K
  class space    used 4726K, capacity 5002K, committed 5040K, reserved 1048576K
Event: 66.035 GC heap after
Heap after GC invocations=14 (full 1):
 PSYoungGen      total 34816K, used 7258K [0x00000000d5580000, 0x00000000d8500000, 0x0000000100000000)
  eden space 27136K, 0% used [0x00000000d5580000,0x00000000d5580000,0x00000000d7000000)
  from space 7680K, 94% used [0x00000000d7080000,0x00000000d7796848,0x00000000d7800000)
  to   space 10752K, 0% used [0x00000000d7a80000,0x00000000d7a80000,0x00000000d8500000)
 ParOldGen       total 43008K, used 6882K [0x0000000080000000, 0x0000000082a00000, 0x00000000d5580000)
  object space 43008K, 16% used [0x0000000080000000,0x00000000806b8a18,0x0000000082a00000)
 Metaspace       used 34289K, capacity 35406K, committed 35496K, reserved 1079296K
  class space    used 4726K, capacity 5002K, committed 5040K, reserved 1048576K
}
Event: 66.035 GC heap before
{Heap before GC invocations=15 (full 2):
 PSYoungGen      total 34816K, used 7258K [0x00000000d5580000, 0x00000000d8500000, 0x0000000100000000)
  eden space 27136K, 0% used [0x00000000d5580000,0x00000000d5580000,0x00000000d7000000)
  from space 7680K, 94% used [0x00000000d7080000,0x00000000d7796848,0x00000000d7800000)
  to   space 10752K, 0% used [0x00000000d7a80000,0x00000000d7a80000,0x00000000d8500000)
 ParOldGen       total 43008K, used 6882K [0x0000000080000000, 0x0000000082a00000, 0x00000000d5580000)
  object space 43008K, 16% used [0x0000000080000000,0x00000000806b8a18,0x0000000082a00000)
 Metaspace       used 34289K, capacity 35406K, committed 35496K, reserved 1079296K
  class space    used 4726K, capacity 5002K, committed 5040K, reserved 1048576K
Event: 66.084 GC heap after
Heap after GC invocations=15 (full 2):
 PSYoungGen      total 34816K, used 0K [0x00000000d5580000, 0x00000000d8500000, 0x0000000100000000)
  eden space 27136K, 0% used [0x00000000d5580000,0x00000000d5580000,0x00000000d7000000)
  from space 7680K, 0% used [0x00000000d7080000,0x00000000d7080000,0x00000000d7800000)
  to   space 10752K, 0% used [0x00000000d7a80000,0x00000000d7a80000,0x00000000d8500000)
 ParOldGen       total 48640K, used 13606K [0x0000000080000000, 0x0000000082f80000, 0x00000000d5580000)
  object space 48640K, 27% used [0x0000000080000000,0x0000000080d49aa0,0x0000000082f80000)
 Metaspace       used 34289K, capacity 35406K, committed 35496K, reserved 1079296K
  class space    used 4726K, capacity 5002K, committed 5040K, reserved 1048576K
}
Event: 78.336 GC heap before
{Heap before GC invocations=16 (full 2):
 PSYoungGen      total 34816K, used 27136K [0x00000000d5580000, 0x00000000d8500000, 0x0000000100000000)
  eden space 27136K, 100% used [0x00000000d5580000,0x00000000d7000000,0x00000000d7000000)
  from space 7680K, 0% used [0x00000000d7080000,0x00000000d7080000,0x00000000d7800000)
  to   space 10752K, 0% used [0x00000000d7a80000,0x00000000d7a80000,0x00000000d8500000)
 ParOldGen       total 48640K, used 13606K [0x0000000080000000, 0x0000000082f80000, 0x00000000d5580000)
  object space 48640K, 27% used [0x0000000080000000,0x0000000080d49aa0,0x0000000082f80000)
 Metaspace       used 35736K, capacity 37094K, committed 37288K, reserved 1081344K
  class space    used 4924K, capacity 5232K, committed 5296K, reserved 1048576K
Event: 78.338 GC heap after
Heap after GC invocations=16 (full 2):
 PSYoungGen      total 36864K, used 2836K [0x00000000d5580000, 0x00000000d8480000, 0x0000000100000000)
  eden space 26624K, 0% used [0x00000000d5580000,0x00000000d5580000,0x00000000d6f80000)
  from space 10240K, 27% used [0x00000000d7a80000,0x00000000d7d451c8,0x00000000d8480000)
  to   space 10752K, 0% used [0x00000000d6f80000,0x00000000d6f80000,0x00000000d7a00000)
 ParOldGen       total 48640K, used 13614K [0x0000000080000000, 0x0000000082f80000, 0x00000000d5580000)
  object space 48640K, 27% used [0x0000000080000000,0x0000000080d4baa0,0x0000000082f80000)
 Metaspace       used 35736K, capacity 37094K, committed 37288K, reserved 1081344K
  class space    used 4924K, capacity 5232K, committed 5296K, reserved 1048576K
}
Event: 89.263 GC heap before
{Heap before GC invocations=17 (full 2):
 PSYoungGen      total 36864K, used 29460K [0x00000000d5580000, 0x00000000d8480000, 0x0000000100000000)
  eden space 26624K, 100% used [0x00000000d5580000,0x00000000d6f80000,0x00000000d6f80000)
  from space 10240K, 27% used [0x00000000d7a80000,0x00000000d7d451c8,0x00000000d8480000)
  to   space 10752K, 0% used [0x00000000d6f80000,0x00000000d6f80000,0x00000000d7a00000)
 ParOldGen       total 48640K, used 13614K [0x0000000080000000, 0x0000000082f80000, 0x00000000d5580000)
  object space 48640K, 27% used [0x0000000080000000,0x0000000080d4baa0,0x0000000082f80000)
 Metaspace       used 36367K, capacity 37878K, committed 38184K, reserved 1081344K
  class space    used 5013K, capacity 5327K, committed 5424K, reserved 1048576K
Event: 89.265 GC heap after
Heap after GC invocations=17 (full 2):
 PSYoungGen      total 29184K, used 2900K [0x00000000d5580000, 0x00000000d8400000, 0x0000000100000000)
  eden space 26112K, 0% used [0x00000000d5580000,0x00000000d5580000,0x00000000d6f00000)
  from space 3072K, 94% used [0x00000000d6f80000,0x00000000d72550a8,0x00000000d7280000)
  to   space 10752K, 0% used [0x00000000d7980000,0x00000000d7980000,0x00000000d8400000)
 ParOldGen       total 48640K, used 13622K [0x0000000080000000, 0x0000000082f80000, 0x00000000d5580000)
  object space 48640K, 28% used [0x0000000080000000,0x0000000080d4daa0,0x0000000082f80000)
 Metaspace       used 36367K, capacity 37878K, committed 38184K, reserved 1081344K
  class space    used 5013K, capacity 5327K, committed 5424K, reserved 1048576K
}

Deoptimization events (10 events):
Event: 78.642 Thread 0x000000001cc2e800 Uncommon trap: reason=unstable_if action=reinterpret pc=0x0000000002a85390 method=java.util.concurrent.ConcurrentHashMap.addCount(JI)V @ 168
Event: 87.148 Thread 0x000000001cc34800 Uncommon trap: reason=unstable_if action=reinterpret pc=0x0000000002fbdedc method=java.util.concurrent.SynchronousQueue$TransferStack.shouldSpin(Ljava/util/concurrent/SynchronousQueue$TransferStack$SNode;)Z @ 7
Event: 87.148 Thread 0x000000001cc36800 Uncommon trap: reason=unstable_if action=reinterpret pc=0x0000000002fbdedc method=java.util.concurrent.SynchronousQueue$TransferStack.shouldSpin(Ljava/util/concurrent/SynchronousQueue$TransferStack$SNode;)Z @ 7
Event: 87.148 Thread 0x000000001cc35000 Uncommon trap: reason=unstable_if action=reinterpret pc=0x0000000002fbdedc method=java.util.concurrent.SynchronousQueue$TransferStack.shouldSpin(Ljava/util/concurrent/SynchronousQueue$TransferStack$SNode;)Z @ 7
Event: 87.148 Thread 0x000000001cc36000 Uncommon trap: reason=unstable_if action=reinterpret pc=0x0000000002fbdedc method=java.util.concurrent.SynchronousQueue$TransferStack.shouldSpin(Ljava/util/concurrent/SynchronousQueue$TransferStack$SNode;)Z @ 7
Event: 121.340 Thread 0x000000001b018800 Uncommon trap: reason=unstable_if action=reinterpret pc=0x000000000299bde0 method=java.util.WeakHashMap.expungeStaleEntries()V @ 66
Event: 121.541 Thread 0x000000001b018800 Uncommon trap: reason=bimorphic action=maybe_recompile pc=0x0000000002d38b4c method=java.util.AbstractCollection.addAll(Ljava/util/Collection;)Z @ 29
Event: 126.030 Thread 0x000000001b018800 Uncommon trap: reason=unstable_if action=reinterpret pc=0x00000000028486d0 method=java.util.regex.Pattern.has(I)Z @ 6
Event: 126.629 Thread 0x000000001b018800 Uncommon trap: reason=bimorphic action=maybe_recompile pc=0x0000000002d38b4c method=java.util.AbstractCollection.addAll(Ljava/util/Collection;)Z @ 29
Event: 130.091 Thread 0x000000001b018800 Uncommon trap: reason=predicate action=maybe_recompile pc=0x0000000002aad6e0 method=com.google.common.base.CharMatcher.indexIn(Ljava/lang/CharSequence;I)I @ 22

Classes redefined (0 events):
No events

Internal exceptions (10 events):
Event: 126.631 Thread 0x000000001ac73800 Exception <a 'java/lang/NoSuchMethodError': <clinit>> (0x00000000d62e0768) thrown at [C:\src\AOSP-openjdk-git\hotspot\src\share\vm\prims\jni.cpp, line 1615]
Event: 126.631 Thread 0x000000001ac73800 Exception <a 'java/lang/NoSuchMethodError': <clinit>> (0x00000000d62e20f8) thrown at [C:\src\AOSP-openjdk-git\hotspot\src\share\vm\prims\jni.cpp, line 1615]
Event: 126.631 Thread 0x000000001ac73800 Exception <a 'java/lang/NoSuchMethodError': <clinit>> (0x00000000d62e3670) thrown at [C:\src\AOSP-openjdk-git\hotspot\src\share\vm\prims\jni.cpp, line 1615]
Event: 126.632 Thread 0x000000001ac73800 Exception <a 'java/lang/NoSuchMethodError': <clinit>> (0x00000000d62edba0) thrown at [C:\src\AOSP-openjdk-git\hotspot\src\share\vm\prims\jni.cpp, line 1615]
Event: 126.632 Thread 0x000000001ac73800 Exception <a 'java/lang/NoSuchMethodError': <clinit>> (0x00000000d62f8fe8) thrown at [C:\src\AOSP-openjdk-git\hotspot\src\share\vm\prims\jni.cpp, line 1615]
Event: 126.934 Thread 0x000000001ac73800 Exception <a 'java/lang/NoSuchMethodError': <clinit>> (0x00000000d630c868) thrown at [C:\src\AOSP-openjdk-git\hotspot\src\share\vm\prims\jni.cpp, line 1615]
Event: 127.443 Thread 0x000000001b018800 Exception <a 'java/lang/ClassNotFoundException': build_e0m3t72py83eyebr2mrzv6b6tBeanInfo> (0x00000000d6370858) thrown at [C:\src\AOSP-openjdk-git\hotspot\src\share\vm\classfile\systemDictionary.cpp, line 210]
Event: 127.443 Thread 0x000000001b018800 Exception <a 'java/lang/ClassNotFoundException': build_e0m3t72py83eyebr2mrzv6b6tCustomizer> (0x00000000d637c498) thrown at [C:\src\AOSP-openjdk-git\hotspot\src\share\vm\classfile\systemDictionary.cpp, line 210]
Event: 129.882 Thread 0x000000001b018800 Exception <a 'java/lang/ClassNotFoundException': org/gradle/plugin/use/internal/PluginRequestCollector$PluginDependenciesSpecImplBeanInfo> (0x00000000d6426568) thrown at [C:\src\AOSP-openjdk-git\hotspot\src\share\vm\classfile\systemDictionary.cpp, line 21
Event: 129.883 Thread 0x000000001b018800 Exception <a 'java/lang/ClassNotFoundException': org/gradle/plugin/use/internal/PluginRequestCollector$PluginDependenciesSpecImplCustomizer> (0x00000000d64664d8) thrown at [C:\src\AOSP-openjdk-git\hotspot\src\share\vm\classfile\systemDictionary.cpp, line 

Events (10 events):
Event: 129.883 loading class org/gradle/plugin/use/internal/PluginRequestCollector$PluginDependenciesSpecImplCustomizer done
Event: 129.883 loading class org/gradle/plugin/use/internal/PluginRequestCollector$PluginDependencySpecImpl
Event: 129.883 loading class org/gradle/plugin/use/internal/PluginRequestCollector$PluginDependencySpecImpl done
Event: 129.883 loading class org/gradle/plugin/internal/InvalidPluginVersionException
Event: 129.883 loading class org/gradle/plugin/internal/InvalidPluginVersionException done
Event: 130.091 Thread 0x000000001b018800 Uncommon trap: trap_request=0xffffff86 fr.pc=0x0000000002aad6e0
Event: 130.091 Thread 0x000000001b018800 DEOPT PACKING pc=0x0000000002aad6e0 sp=0x000000001e4d9c10
Event: 130.091 Thread 0x000000001b018800 DEOPT UNPACKING pc=0x000000000256557b sp=0x000000001e4d9bd0 mode 2
Event: 130.091 loading class org/gradle/plugin/use/internal/PluginRequestCollector$1
Event: 130.091 loading class org/gradle/plugin/use/internal/PluginRequestCollector$1 done


Dynamic libraries:
0x00007ff70dc90000 - 0x00007ff70dcc1000 	C:\Program Files\Android\Android Studio\jre\bin\java.exe
0x00007ffb06a10000 - 0x00007ffb06c05000 	C:\Windows\SYSTEM32\ntdll.dll
0x00007ffb05c10000 - 0x00007ffb05ccd000 	C:\Windows\System32\KERNEL32.DLL
0x00007ffb047a0000 - 0x00007ffb04a69000 	C:\Windows\System32\KERNELBASE.dll
0x00007ffb06630000 - 0x00007ffb066dc000 	C:\Windows\System32\ADVAPI32.dll
0x00007ffb05070000 - 0x00007ffb0510e000 	C:\Windows\System32\msvcrt.dll
0x00007ffb056d0000 - 0x00007ffb0576c000 	C:\Windows\System32\sechost.dll
0x00007ffb04dd0000 - 0x00007ffb04efb000 	C:\Windows\System32\RPCRT4.dll
0x00007ffb06830000 - 0x00007ffb069d0000 	C:\Windows\System32\USER32.dll
0x00007ffb04200000 - 0x00007ffb04222000 	C:\Windows\System32\win32u.dll
0x00007ffb06760000 - 0x00007ffb0678a000 	C:\Windows\System32\GDI32.dll
0x00007ffb04230000 - 0x00007ffb0433b000 	C:\Windows\System32\gdi32full.dll
0x00007ffb043f0000 - 0x00007ffb0448d000 	C:\Windows\System32\msvcp_win.dll
0x00007ffb04490000 - 0x00007ffb04590000 	C:\Windows\System32\ucrtbase.dll
0x00007ffae95c0000 - 0x00007ffae985a000 	C:\Windows\WinSxS\amd64_microsoft.windows.common-controls_6595b64144ccf1df_6.0.19041.844_none_ca00b6081b84eb1d\COMCTL32.dll
0x00007ffb04fe0000 - 0x00007ffb05010000 	C:\Windows\System32\IMM32.DLL
0x0000000068ec0000 - 0x0000000068f92000 	C:\Program Files\Android\Android Studio\jre\jre\bin\msvcr100.dll
0x0000000069930000 - 0x000000006a17b000 	C:\Program Files\Android\Android Studio\jre\jre\bin\server\jvm.dll
0x00007ffb05ad0000 - 0x00007ffb05ad8000 	C:\Windows\System32\PSAPI.DLL
0x00007ffaf8270000 - 0x00007ffaf827a000 	C:\Windows\SYSTEM32\VERSION.dll
0x00007ffaf8740000 - 0x00007ffaf8767000 	C:\Windows\SYSTEM32\WINMM.dll
0x00007ffafff10000 - 0x00007ffafff19000 	C:\Windows\SYSTEM32\WSOCK32.dll
0x00007ffb058a0000 - 0x00007ffb0590b000 	C:\Windows\System32\WS2_32.dll
0x00007ffaf5420000 - 0x00007ffaf542f000 	C:\Program Files\Android\Android Studio\jre\jre\bin\verify.dll
0x00007ffaf3720000 - 0x00007ffaf3749000 	C:\Program Files\Android\Android Studio\jre\jre\bin\java.dll
0x00007ffaee270000 - 0x00007ffaee286000 	C:\Program Files\Android\Android Studio\jre\jre\bin\zip.dll
0x00007ffb05cd0000 - 0x00007ffb06412000 	C:\Windows\System32\SHELL32.dll
0x00007ffb022d0000 - 0x00007ffb02a60000 	C:\Windows\SYSTEM32\windows.storage.dll
0x00007ffb04a70000 - 0x00007ffb04dc5000 	C:\Windows\System32\combase.dll
0x00007ffb03af0000 - 0x00007ffb03b1c000 	C:\Windows\SYSTEM32\Wldp.dll
0x00007ffb05a20000 - 0x00007ffb05ace000 	C:\Windows\System32\SHCORE.dll
0x00007ffb05580000 - 0x00007ffb055d5000 	C:\Windows\System32\shlwapi.dll
0x00007ffb04090000 - 0x00007ffb040af000 	C:\Windows\SYSTEM32\profapi.dll
0x00007ffadcb70000 - 0x00007ffadcb8a000 	C:\Program Files\Android\Android Studio\jre\jre\bin\net.dll
0x00007ffb03870000 - 0x00007ffb038da000 	C:\Windows\system32\mswsock.dll
0x00007ffadf4b0000 - 0x00007ffadf4c3000 	C:\Program Files\Android\Android Studio\jre\jre\bin\nio.dll
0x00007ffaf85c0000 - 0x00007ffaf85e7000 	C:\Users\Student\.gradle\native\f6784746aeab05261644944871eae4fe03e0ef1612fff0a4a95f87b438bc6780\windows-amd64\native-platform.dll
0x00007ffaee780000 - 0x00007ffaee78d000 	C:\Program Files\Android\Android Studio\jre\jre\bin\management.dll
0x00007ffb03a50000 - 0x00007ffb03a68000 	C:\Windows\SYSTEM32\CRYPTSP.dll
0x00007ffb03210000 - 0x00007ffb03244000 	C:\Windows\system32\rsaenh.dll
0x00007ffb041d0000 - 0x00007ffb041f7000 	C:\Windows\System32\bcrypt.dll
0x00007ffb04000000 - 0x00007ffb0402e000 	C:\Windows\SYSTEM32\USERENV.dll
0x00007ffb04150000 - 0x00007ffb041d0000 	C:\Windows\System32\bcryptprimitives.dll
0x00007ffb03a40000 - 0x00007ffb03a4c000 	C:\Windows\SYSTEM32\CRYPTBASE.dll
0x00007ffb03560000 - 0x00007ffb0359b000 	C:\Windows\SYSTEM32\IPHLPAPI.DLL
0x00007ffb06820000 - 0x00007ffb06828000 	C:\Windows\System32\NSI.dll
0x00007ffafe9f0000 - 0x00007ffafea07000 	C:\Windows\SYSTEM32\dhcpcsvc6.DLL
0x00007ffafe9c0000 - 0x00007ffafe9dd000 	C:\Windows\SYSTEM32\dhcpcsvc.DLL
0x00007ffb035a0000 - 0x00007ffb0366b000 	C:\Windows\SYSTEM32\DNSAPI.dll
0x00007ffafea20000 - 0x00007ffafea2b000 	C:\Windows\SYSTEM32\WINNSI.DLL

VM Arguments:
jvm_args: -Xmx2048m -Dfile.encoding=UTF-8 -Duser.country=US -Duser.language=en -Duser.variant 
java_command: org.gradle.launcher.daemon.bootstrap.GradleDaemon 6.5
java_class_path (initial): C:\Users\Student\.gradle\wrapper\dists\gradle-6.5-bin\6nifqtx7604sqp1q6g8wikw7p\gradle-6.5\lib\gradle-launcher-6.5.jar
Launcher Type: SUN_STANDARD

Environment Variables:
JAVA_HOME=C:\Program Files\java\jdk-11.0.9
PATH=C:\Program Files\copasi.org\COPASI 4.30.240\bin;C:\Program Files (x86)\Common Files\Intel\Shared Files\cpp\bin\Intel64;C:\ProgramData\Anaconda3;C:\ProgramData\Anaconda3\Library\mingw-w64\bin;C:\ProgramData\Anaconda3\Library\usr\bin;C:\ProgramData\Anaconda3\Library\bin;C:\ProgramData\Anaconda3\Scripts;C:\Windows\system32;C:\Windows;C:\Windows\System32\Wbem;C:\Windows\System32\WindowsPowerShell\v1.0\;C:\Windows\System32\OpenSSH\;C:\Program Files\MATLAB\R2013a\runtime\win64;C:\Program Files\MATLAB\R2013a\bin;C:\Program Files (x86)\Microsoft SQL Server\110\Tools\Binn\;C:\Program Files\Microsoft SQL Server\110\Tools\Binn\;C:\Program Files\Microsoft SQL Server\110\DTS\Binn\;C:\Program Files (x86)\Microsoft SQL Server\110\Tools\Binn\ManagementStudio\;C:\Program Files (x86)\Microsoft Visual Studio 10.0\Common7\IDE\PrivateAssemblies\;C:\Program Files (x86)\Microsoft SQL Server\110\DTS\Binn\;C:\Program Files\java\jdk-11.0.9\bin;C:\Program Files\MongoDB\Server\4.4\bin;C:\Program Files\Git\cmd;C:\Program Files (x86)\Microsoft SQL Server\Client SDK\ODBC\110\Tools\Binn\;C:\Program Files (x86)\Microsoft SQL Server\120\Tools\Binn\;C:\Program Files (x86)\Microsoft SQL Server\120\DTS\Binn\;C:\Users\Student\AppData\Local\Microsoft\WindowsApps;;C:\Users\Student\AppData\Local\Programs\Microsoft VS Code\bin
USERNAME=Student
OS=Windows_NT
PROCESSOR_IDENTIFIER=Intel64 Family 6 Model 165 Stepping 3, GenuineIntel



---------------  S Y S T E M  ---------------

OS: Windows 10.0 , 64 bit Build 19041 (10.0.19041.804)

CPU:total 12 (initial active 12) (6 cores per cpu, 2 threads per core) family 6 model 165 stepping 3, cmov, cx8, fxsr, mmx, sse, sse2, sse3, ssse3, sse4.1, sse4.2, popcnt, avx, avx2, aes, clmul, erms, 3dnowpref, lzcnt, ht, tsc, tscinvbit, bmi1, bmi2, adx

Memory: 4k page, physical 8130260k(125656k free), swap 8654548k(4344k free)

vm_info: OpenJDK 64-Bit Server VM (25.242-b01) for windows-amd64 JRE (1.8.0_242-release-1644-b01), built by "builder" with MS VC++ 10.0 (VS2010)

time: Mon Feb 28 07:43:56 2022
timezone: SE Asia Standard Time
elapsed time: 131 seconds (0d 0h 2m 11s)

